[ 2016-05-21T11:13:39+08:00 ] 127.0.0.1 /nav/home/index/robot
INFO: [ app_init ] --START--
INFO: Run Behavior\BuildLiteBehavior [ RunTime:0.000000s ]
INFO: [ app_init ] --END-- [ RunTime:0.013001s ]
INFO: [ app_begin ] --START--
INFO: Run Behavior\ReadHtmlCacheBehavior [ RunTime:0.013001s ]
INFO: [ app_begin ] --END-- [ RunTime:0.014001s ]
ERR: 非法操作:robot

[ 2016-05-21T11:13:59+08:00 ] 127.0.0.1 /nav/home/robot/index
INFO: [ app_init ] --START--
INFO: Run Behavior\BuildLiteBehavior [ RunTime:0.000000s ]
INFO: [ app_init ] --END-- [ RunTime:0.001000s ]
INFO: [ app_begin ] --START--
INFO: Run Behavior\ReadHtmlCacheBehavior [ RunTime:0.003000s ]
INFO: [ app_begin ] --END-- [ RunTime:0.003000s ]
SQL: SHOW COLUMNS FROM `nav_robot` [ RunTime:0.1050s ]
SQL: SELECT * FROM `nav_robot`  [ RunTime:0.3320s ]
SQL: SHOW COLUMNS FROM `nav_site` [ RunTime:0.0800s ]
INFO: [ app_end ] --START--
INFO: Run Behavior\ShowPageTraceBehavior [ RunTime:0.034002s ]
INFO: [ app_end ] --END-- [ RunTime:0.035002s ]

[ 2016-05-21T11:15:07+08:00 ] 127.0.0.1 /nav/home/robot/index
INFO: [ app_init ] --START--
INFO: Run Behavior\BuildLiteBehavior [ RunTime:0.000000s ]
INFO: [ app_init ] --END-- [ RunTime:0.001000s ]
INFO: [ app_begin ] --START--
INFO: Run Behavior\ReadHtmlCacheBehavior [ RunTime:0.004000s ]
INFO: [ app_begin ] --END-- [ RunTime:0.005000s ]
SQL: SHOW COLUMNS FROM `nav_robot` [ RunTime:0.0860s ]
SQL: SELECT * FROM `nav_robot`  [ RunTime:0.3660s ]
SQL: SHOW COLUMNS FROM `nav_site` [ RunTime:0.0860s ]
SQL: UPDATE `nav_site` SET `url`='www.weibo.com' WHERE `id` = 101 [ RunTime:0.0860s ]
SQL: UPDATE `nav_site` SET `url`='twitter.com' WHERE `id` = 102 [ RunTime:0.0840s ]
SQL: UPDATE `nav_site` SET `url`='www.tumblr.com' WHERE `id` = 103 [ RunTime:0.0840s ]
SQL: UPDATE `nav_site` SET `url`='blog.sina.com.cn' WHERE `id` = 104 [ RunTime:0.0840s ]
SQL: UPDATE `nav_site` SET `url`='blog.csdn.net' WHERE `id` = 105 [ RunTime:0.0840s ]
SQL: UPDATE `nav_site` SET `url`='t.qq.com' WHERE `id` = 106 [ RunTime:0.0890s ]
SQL: UPDATE `nav_site` SET `url`='blog.sohu.com' WHERE `id` = 107 [ RunTime:0.0910s ]
SQL: UPDATE `nav_site` SET `url`='blog.163.com' WHERE `id` = 108 [ RunTime:0.0840s ]
SQL: UPDATE `nav_site` SET `url`='http://www.8guaw.net/index.html' WHERE `id` = 109 [ RunTime:0.1070s ]
SQL: UPDATE `nav_site` SET `url`='http://www.yybagua.cn/' WHERE `id` = 110 [ RunTime:0.0840s ]
SQL: UPDATE `nav_site` SET `url`='http://www.8gyu.com/' WHERE `id` = 111 [ RunTime:0.0880s ]
SQL: UPDATE `nav_site` SET `url`='http://www.tianya999.com/' WHERE `id` = 112 [ RunTime:0.1010s ]
SQL: UPDATE `nav_site` SET `url`='http://bbs.tianya.cn/' WHERE `id` = 113 [ RunTime:0.3490s ]
SQL: UPDATE `nav_site` SET `url`='http://tieba.baidu.com/f?kw=%B0%CB%D8%D4&fr=ala0&tpl=5' WHERE `id` = 114 [ RunTime:0.0830s ]
SQL: UPDATE `nav_site` SET `url`='http://ent.163.com/' WHERE `id` = 115 [ RunTime:0.0940s ]
SQL: UPDATE `nav_site` SET `url`='http://yule.sohu.com/' WHERE `id` = 116 [ RunTime:0.0920s ]
SQL: UPDATE `nav_site` SET `url`='http://ent.sina.com.cn/' WHERE `id` = 117 [ RunTime:0.0940s ]
SQL: UPDATE `nav_site` SET `url`='https://movie.douban.com/' WHERE `id` = 118 [ RunTime:0.0880s ]
SQL: UPDATE `nav_site` SET `url`='http://www.mtime.com/' WHERE `id` = 119 [ RunTime:0.0830s ]
SQL: UPDATE `nav_site` SET `url`='http://www.51oscar.com/' WHERE `id` = 120 [ RunTime:0.0840s ]
SQL: UPDATE `nav_site` SET `url`='https://movie.douban.com/review/best/' WHERE `id` = 121 [ RunTime:0.0840s ]
SQL: UPDATE `nav_site` SET `url`='http://www.mvshow.net/' WHERE `id` = 122 [ RunTime:0.0850s ]
SQL: UPDATE `nav_site` SET `url`='http://ent.qq.com/movie/dy_pinglun.shtml' WHERE `id` = 123 [ RunTime:0.0860s ]
SQL: UPDATE `nav_site` SET `url`='http://yule.sohu.com/dianyingpinglun.shtml' WHERE `id` = 124 [ RunTime:0.0840s ]
SQL: UPDATE `nav_site` SET `url`='http://tieba.baidu.com/f?kw=%D3%B0%C6%C0&fr=ala0&tpl=5' WHERE `id` = 125 [ RunTime:0.0840s ]
SQL: UPDATE `nav_site` SET `url`='https://book.douban.com/review/best/' WHERE `id` = 126 [ RunTime:0.1050s ]
SQL: UPDATE `nav_site` SET `url`='http://www.duxieren.com/' WHERE `id` = 127 [ RunTime:0.0840s ]
SQL: UPDATE `nav_site` SET `url`='http://book.dangdang.com/?_utm_sem_id=6123140&_ddclickunion=422-kw-4-%CD%BC%CA%E9-%C6%B7%C5%C6%B4%CA%A3%A8%D0%C2%A3%A9_%BA%CB%D0%C4_%B5%B1%B5%B1%CD%F8%CD%BC%CA%E9|ad_type=0|sys_id=1' WHERE `id` = 128 [ RunTime:0.0840s ]
SQL: UPDATE `nav_site` SET `url`='http://ds.eywedu.com/' WHERE `id` = 129 [ RunTime:0.0870s ]
SQL: UPDATE `nav_site` SET `url`='http://book.sina.com.cn/review/' WHERE `id` = 130 [ RunTime:0.0840s ]
SQL: UPDATE `nav_site` SET `url`='www.tiexue.net' WHERE `id` = 131 [ RunTime:0.0860s ]
SQL: UPDATE `nav_site` SET `url`='www.military.china.com' WHERE `id` = 132 [ RunTime:0.0830s ]
SQL: UPDATE `nav_site` SET `url`='www.peacess.com' WHERE `id` = 133 [ RunTime:0.0870s ]
SQL: UPDATE `nav_site` SET `url`='http://www.xinjunshi.com/' WHERE `id` = 134 [ RunTime:0.0880s ]
SQL: UPDATE `nav_site` SET `url`='http://www.chinaiiss.com/' WHERE `id` = 135 [ RunTime:0.0850s ]
SQL: UPDATE `nav_site` SET `url`='www.qianyan001.com' WHERE `id` = 136 [ RunTime:0.0860s ]
SQL: UPDATE `nav_site` SET `url`='www.mil.news.sina.com.cn' WHERE `id` = 137 [ RunTime:0.0880s ]
SQL: UPDATE `nav_site` SET `url`='www.news.ifeng.com/mil/' WHERE `id` = 138 [ RunTime:0.0870s ]
SQL: UPDATE `nav_site` SET `url`='http://fashion.sina.com.cn/' WHERE `id` = 139 [ RunTime:0.0840s ]
SQL: UPDATE `nav_site` SET `url`='http://fashion.163.com/' WHERE `id` = 140 [ RunTime:0.0850s ]
SQL: UPDATE `nav_site` SET `url`='http://bbs.tianya.cn/list-no11-1.shtml' WHERE `id` = 141 [ RunTime:0.0870s ]
SQL: UPDATE `nav_site` SET `url`='http://www.yoka.com/' WHERE `id` = 142 [ RunTime:0.0870s ]
SQL: UPDATE `nav_site` SET `url`='http://www.vogue.com.cn/' WHERE `id` = 143 [ RunTime:0.0890s ]
SQL: UPDATE `nav_site` SET `url`='http://www.mshishang.com/' WHERE `id` = 144 [ RunTime:0.1080s ]
SQL: UPDATE `nav_site` SET `url`='http://www.pclady.com.cn/' WHERE `id` = 145 [ RunTime:0.0900s ]
SQL: UPDATE `nav_site` SET `url`='http://www.rayli.com.cn/' WHERE `id` = 146 [ RunTime:0.1020s ]
SQL: UPDATE `nav_site` SET `url`='http://www.pop-fashion.com/' WHERE `id` = 147 [ RunTime:0.0880s ]
SQL: UPDATE `nav_site` SET `url`='http://www.haibao.com/' WHERE `id` = 148 [ RunTime:0.0840s ]
SQL: UPDATE `nav_site` SET `url`='https://www.facebook.com/' WHERE `id` = 149 [ RunTime:0.0850s ]
SQL: UPDATE `nav_site` SET `url`='http://www.renren.com/' WHERE `id` = 150 [ RunTime:0.0920s ]
SQL: UPDATE `nav_site` SET `url`='https://www.douban.com' WHERE `id` = 151 [ RunTime:0.0870s ]
SQL: UPDATE `nav_site` SET `url`='http://www.kaixin001.com/' WHERE `id` = 152 [ RunTime:0.0850s ]
SQL: UPDATE `nav_site` SET `url`='http://www.duitang.com/' WHERE `id` = 153 [ RunTime:0.0880s ]
SQL: UPDATE `nav_site` SET `url`='http://www.baihe.com/' WHERE `id` = 154 [ RunTime:0.0870s ]
SQL: UPDATE `nav_site` SET `url`='http://www.zhenai.com/' WHERE `id` = 155 [ RunTime:0.0870s ]
SQL: UPDATE `nav_site` SET `url`='http://www.jiayuan.com/' WHERE `id` = 156 [ RunTime:0.0830s ]
SQL: UPDATE `nav_site` SET `url`='http://jiaoyou.58.com/' WHERE `id` = 157 [ RunTime:0.0840s ]
SQL: UPDATE `nav_site` SET `url`='http://www.zhiji.com/' WHERE `id` = 158 [ RunTime:0.0830s ]
SQL: UPDATE `nav_site` SET `url`='http://www.jd.com/' WHERE `id` = 159 [ RunTime:0.0830s ]
SQL: UPDATE `nav_site` SET `url`='https://www.tmall.com/' WHERE `id` = 160 [ RunTime:0.0830s ]
SQL: UPDATE `nav_site` SET `url`='https://www.taobao.com/' WHERE `id` = 161 [ RunTime:0.0830s ]
SQL: UPDATE `nav_site` SET `url`='http://www.dangdang.com/' WHERE `id` = 162 [ RunTime:0.0830s ]
SQL: UPDATE `nav_site` SET `url`='http://www.vip.com/' WHERE `id` = 163 [ RunTime:0.0860s ]
SQL: UPDATE `nav_site` SET `url`='http://www.yhd.com/' WHERE `id` = 164 [ RunTime:0.0830s ]
SQL: UPDATE `nav_site` SET `url`='http://jumei.com/' WHERE `id` = 165 [ RunTime:0.0860s ]
SQL: UPDATE `nav_site` SET `url`='http://www.mogujie.com/' WHERE `id` = 166 [ RunTime:0.0860s ]
SQL: UPDATE `nav_site` SET `url`='http://www.zhe800.com/' WHERE `id` = 167 [ RunTime:0.0870s ]
SQL: UPDATE `nav_site` SET `url`='http://www.suning.com/' WHERE `id` = 168 [ RunTime:0.0840s ]
SQL: UPDATE `nav_site` SET `url`='http://cyg.changyou.com/' WHERE `id` = 169 [ RunTime:0.0830s ]
SQL: UPDATE `nav_site` SET `url`='https://www.amazon.cn' WHERE `id` = 170 [ RunTime:0.0870s ]
SQL: UPDATE `nav_site` SET `url`='www.csdn.net' WHERE `id` = 171 [ RunTime:0.1070s ]
SQL: UPDATE `nav_site` SET `url`='http://www.tianya.cn/' WHERE `id` = 172 [ RunTime:0.0840s ]
SQL: UPDATE `nav_site` SET `url`='https://www.zhihu.com/' WHERE `id` = 173 [ RunTime:0.0870s ]
SQL: UPDATE `nav_site` SET `url`='http://bbs.163.com/' WHERE `id` = 174 [ RunTime:0.0920s ]
SQL: UPDATE `nav_site` SET `url`='http://www.21cn.com/' WHERE `id` = 175 [ RunTime:0.0930s ]
SQL: UPDATE `nav_site` SET `url`='http://bbs1.people.com.cn/' WHERE `id` = 176 [ RunTime:0.0880s ]
SQL: UPDATE `nav_site` SET `url`='tieba.baidu.com' WHERE `id` = 177 [ RunTime:0.0890s ]
SQL: UPDATE `nav_site` SET `url`='www.tianya.cn' WHERE `id` = 178 [ RunTime:0.0850s ]
SQL: UPDATE `nav_site` SET `url`='www.mop.com' WHERE `id` = 179 [ RunTime:0.0840s ]
SQL: UPDATE `nav_site` SET `url`='www.epweike.com' WHERE `id` = 180 [ RunTime:0.0940s ]
SQL: UPDATE `nav_site` SET `url`='club.sohu.com' WHERE `id` = 181 [ RunTime:0.0930s ]
SQL: UPDATE `nav_site` SET `url`='bbs.sina.com.cn' WHERE `id` = 182 [ RunTime:0.0880s ]
SQL: UPDATE `nav_site` SET `url`='http://www.kdnet.net/' WHERE `id` = 183 [ RunTime:0.0890s ]
SQL: UPDATE `nav_site` SET `url`='http://www.xici.net/' WHERE `id` = 184 [ RunTime:0.1090s ]
SQL: UPDATE `nav_site` SET `url`='http://www.newsmth.net/' WHERE `id` = 185 [ RunTime:0.0880s ]
SQL: UPDATE `nav_site` SET `url`='https://www.douban.com/' WHERE `id` = 186 [ RunTime:0.1080s ]
SQL: UPDATE `nav_site` SET `url`='http://yun.baidu.com/' WHERE `id` = 187 [ RunTime:0.0880s ]
SQL: UPDATE `nav_site` SET `url`='http://yunpan.360.cn/' WHERE `id` = 188 [ RunTime:0.0850s ]
SQL: UPDATE `nav_site` SET `url`='http://115.com/' WHERE `id` = 189 [ RunTime:0.0840s ]
SQL: UPDATE `nav_site` SET `url`='http://vdisk.weibo.com/' WHERE `id` = 190 [ RunTime:0.0830s ]
SQL: UPDATE `nav_site` SET `url`='http://www.weiyun.com/' WHERE `id` = 191 [ RunTime:0.0850s ]
SQL: UPDATE `nav_site` SET `url`='http://www.kuaipan.cn/' WHERE `id` = 192 [ RunTime:0.0830s ]
SQL: UPDATE `nav_site` SET `url`='http://www.showchina.org/wenhua/scys/bwg/index.htm' WHERE `id` = 193 [ RunTime:0.0900s ]
SQL: UPDATE `nav_site` SET `url`='http://www.dpm.org.cn/' WHERE `id` = 194 [ RunTime:0.0870s ]
SQL: UPDATE `nav_site` SET `url`='http://www.chnmuseum.cn/' WHERE `id` = 195 [ RunTime:0.0990s ]
SQL: UPDATE `nav_site` SET `url`='http://www.capitalmuseum.org.cn/' WHERE `id` = 196 [ RunTime:0.0870s ]
SQL: UPDATE `nav_site` SET `url`='http://www.xueersi.com/' WHERE `id` = 197 [ RunTime:0.0830s ]
SQL: UPDATE `nav_site` SET `url`='http://www.tifenle.com/' WHERE `id` = 198 [ RunTime:0.0850s ]
SQL: UPDATE `nav_site` SET `url`='http://jiajiao.yousi.com/' WHERE `id` = 199 [ RunTime:0.0830s ]
SQL: UPDATE `nav_site` SET `url`='http://www.58.com/ppezzdxsjzjj/' WHERE `id` = 200 [ RunTime:0.0890s ]
SQL: UPDATE `nav_site` SET `url`='http://www.1010jz.com/' WHERE `id` = 201 [ RunTime:0.0850s ]
SQL: UPDATE `nav_site` SET `url`='http://www.jianzhi8.com/' WHERE `id` = 202 [ RunTime:0.0850s ]
SQL: UPDATE `nav_site` SET `url`='http://www.shixiseng.com/' WHERE `id` = 203 [ RunTime:0.0840s ]
SQL: UPDATE `nav_site` SET `url`='http://www.dajie.com/' WHERE `id` = 204 [ RunTime:0.1010s ]
SQL: UPDATE `nav_site` SET `url`='http://www.zhaoshixi.com/' WHERE `id` = 205 [ RunTime:0.0860s ]
SQL: UPDATE `nav_site` SET `url`='http://www.cshixi.com/' WHERE `id` = 206 [ RunTime:0.0840s ]
SQL: UPDATE `nav_site` SET `url`='http://www.cnmaker.org.cn/' WHERE `id` = 207 [ RunTime:0.0870s ]
SQL: UPDATE `nav_site` SET `url`='http://36kr.com/' WHERE `id` = 208 [ RunTime:0.0850s ]
SQL: UPDATE `nav_site` SET `url`='http://bbs.qncye.com/' WHERE `id` = 209 [ RunTime:0.0920s ]
SQL: UPDATE `nav_site` SET `url`='http://www.cyzone.cn/' WHERE `id` = 210 [ RunTime:0.0870s ]
SQL: UPDATE `nav_site` SET `url`='http://www.huxiu.com/' WHERE `id` = 211 [ RunTime:0.0830s ]
SQL: UPDATE `nav_site` SET `url`='http://58.com/' WHERE `id` = 212 [ RunTime:0.0980s ]
SQL: UPDATE `nav_site` SET `url`='http://www.lagou.com/' WHERE `id` = 213 [ RunTime:0.0830s ]
SQL: UPDATE `nav_site` SET `url`='http://www.yingjiesheng.com/' WHERE `id` = 214 [ RunTime:0.0880s ]
SQL: UPDATE `nav_site` SET `url`='http://www.dajie.com/' WHERE `id` = 215 [ RunTime:0.1100s ]
SQL: UPDATE `nav_site` SET `url`='http://www.zhaopin.com/' WHERE `id` = 216 [ RunTime:0.0860s ]
SQL: UPDATE `nav_site` SET `url`='http://www.chinahr.com/' WHERE `id` = 217 [ RunTime:0.0840s ]
SQL: UPDATE `nav_site` SET `url`='http://www.51job.com/' WHERE `id` = 218 [ RunTime:0.0860s ]
SQL: UPDATE `nav_site` SET `url`='http://cn.morningstar.com/' WHERE `id` = 219 [ RunTime:0.0830s ]
SQL: UPDATE `nav_site` SET `url`='http://www.ydtz2526.com/' WHERE `id` = 220 [ RunTime:0.0860s ]
SQL: UPDATE `nav_site` SET `url`='http://fund.10jqka.com.cn/' WHERE `id` = 221 [ RunTime:0.0860s ]
SQL: UPDATE `nav_site` SET `url`='http://fund.eastmoney.com/' WHERE `id` = 222 [ RunTime:0.0840s ]
SQL: UPDATE `nav_site` SET `url`='http://www.gffunds.com.cn/' WHERE `id` = 223 [ RunTime:0.0830s ]
SQL: UPDATE `nav_site` SET `url`='http://licai.jd.com/' WHERE `id` = 224 [ RunTime:0.1020s ]
SQL: UPDATE `nav_site` SET `url`='https://licai.yingyinglicai.com/index.htm' WHERE `id` = 225 [ RunTime:0.0840s ]
SQL: UPDATE `nav_site` SET `url`='https://www.tongbanjie.com' WHERE `id` = 226 [ RunTime:0.0830s ]
SQL: UPDATE `nav_site` SET `url`='http://www.10jqka.com.cn/' WHERE `id` = 227 [ RunTime:0.0890s ]
SQL: UPDATE `nav_site` SET `url`='http://qy.compass.cn/' WHERE `id` = 228 [ RunTime:0.0860s ]
SQL: UPDATE `nav_site` SET `url`='http://www.gw.com.cn/' WHERE `id` = 229 [ RunTime:0.0880s ]
SQL: UPDATE `nav_site` SET `url`='http://jr.emoney.cn/' WHERE `id` = 230 [ RunTime:0.0840s ]
SQL: UPDATE `nav_site` SET `url`='http://www.tdx.com.cn/' WHERE `id` = 231 [ RunTime:0.0850s ]
SQL: UPDATE `nav_site` SET `url`='http://finance.sina.com.cn/realstock/' WHERE `id` = 232 [ RunTime:0.0880s ]
SQL: UPDATE `nav_site` SET `url`='http://www.eastmoney.com/' WHERE `id` = 233 [ RunTime:0.0980s ]
SQL: UPDATE `nav_site` SET `url`='http://www.eeo.com.cn/' WHERE `id` = 234 [ RunTime:0.0850s ]
SQL: UPDATE `nav_site` SET `url`='http://www.stcn.com/' WHERE `id` = 235 [ RunTime:0.0890s ]
SQL: UPDATE `nav_site` SET `url`='http://www.guba.com.cn/' WHERE `id` = 236 [ RunTime:0.0940s ]
SQL: UPDATE `nav_site` SET `url`='http://www.zhcw.com/' WHERE `id` = 237 [ RunTime:0.0840s ]
SQL: UPDATE `nav_site` SET `url`='http://www.lottery.gov.cn/' WHERE `id` = 238 [ RunTime:0.0880s ]
SQL: UPDATE `nav_site` SET `url`='http://www.lecai.com/' WHERE `id` = 239 [ RunTime:0.0870s ]
SQL: UPDATE `nav_site` SET `url`='http://www.500.com/' WHERE `id` = 240 [ RunTime:0.0840s ]
SQL: UPDATE `nav_site` SET `url`='http://edai.com/' WHERE `id` = 241 [ RunTime:0.0830s ]
SQL: UPDATE `nav_site` SET `url`='http://www.we.com/' WHERE `id` = 242 [ RunTime:0.0900s ]
SQL: UPDATE `nav_site` SET `url`='https://www.yirendai.com' WHERE `id` = 243 [ RunTime:0.0880s ]
SQL: UPDATE `nav_site` SET `url`='https://auth.alipay.com' WHERE `id` = 244 [ RunTime:0.0850s ]
SQL: UPDATE `nav_site` SET `url`='https://m.wolaidai.com/' WHERE `id` = 245 [ RunTime:0.0830s ]
SQL: UPDATE `nav_site` SET `url`='http://www.xiami.com/' WHERE `id` = 1001 [ RunTime:0.0850s ]
SQL: UPDATE `nav_site` SET `url`='http://music.163.com/' WHERE `id` = 1002 [ RunTime:0.0920s ]
SQL: UPDATE `nav_site` SET `url`='http://www.kugou.com/' WHERE `id` = 1003 [ RunTime:0.0850s ]
SQL: UPDATE `nav_site` SET `url`='http://www.kuwo.cn/' WHERE `id` = 1004 [ RunTime:0.0850s ]
SQL: UPDATE `nav_site` SET `url`='www.9ku.com' WHERE `id` = 1005 [ RunTime:0.0910s ]
SQL: UPDATE `nav_site` SET `url`='http://5sing.kugou.com/index.html' WHERE `id` = 1006 [ RunTime:0.1000s ]
SQL: UPDATE `nav_site` SET `url`='http://music.le.com/' WHERE `id` = 1007 [ RunTime:0.0840s ]
SQL: UPDATE `nav_site` SET `url`='http://www.1ting.com/' WHERE `id` = 1008 [ RunTime:0.1040s ]
SQL: UPDATE `nav_site` SET `url`='http://music.163.com/#/discover/djradio' WHERE `id` = 1009 [ RunTime:0.0840s ]
SQL: UPDATE `nav_site` SET `url`='http://www.xiami.com/radio?spm=a1z1s.6843761.226669510.5.Om3kAN' WHERE `id` = 1010 [ RunTime:0.0860s ]
SQL: UPDATE `nav_site` SET `url`='http://www.ximalaya.com/explore/' WHERE `id` = 1011 [ RunTime:0.0890s ]
SQL: UPDATE `nav_site` SET `url`='http://www.kugou.com/fmweb/html/index.html' WHERE `id` = 1012 [ RunTime:0.0890s ]
SQL: UPDATE `nav_site` SET `url`='http://www.yinyuetai.com/' WHERE `id` = 1013 [ RunTime:0.0900s ]
SQL: UPDATE `nav_site` SET `url`='http://douban.fm/' WHERE `id` = 1014 [ RunTime:0.0820s ]
SQL: UPDATE `nav_site` SET `url`='http://qingting.fm:8000/' WHERE `id` = 1015 [ RunTime:0.0860s ]
SQL: UPDATE `nav_site` SET `url`='http://5sing.kugou.com/fc/index.html' WHERE `id` = 1016 [ RunTime:0.0870s ]
SQL: UPDATE `nav_site` SET `url`='http://fanchang.oyinyue.com/' WHERE `id` = 1017 [ RunTime:0.0900s ]
SQL: UPDATE `nav_site` SET `url`='http://y.baidu.com/?pst=musicnav' WHERE `id` = 1018 [ RunTime:0.0890s ]
SQL: UPDATE `nav_site` SET `url`='http://www.wo99.net/yc.php' WHERE `id` = 1019 [ RunTime:0.1040s ]
SQL: UPDATE `nav_site` SET `url`='http://www.52om.net/' WHERE `id` = 1020 [ RunTime:0.0910s ]
SQL: UPDATE `nav_site` SET `url`='http://www.a8.com/' WHERE `id` = 1021 [ RunTime:0.0830s ]
SQL: UPDATE `nav_site` SET `url`='http://www.acgjc.com/' WHERE `id` = 1022 [ RunTime:0.1050s ]
SQL: UPDATE `nav_site` SET `url`='http://www.ccwzz.cc/forum-16-1.html' WHERE `id` = 1023 [ RunTime:0.0860s ]
SQL: UPDATE `nav_site` SET `url`='http://bbs.musicool.cn/forum-90-1.html' WHERE `id` = 1024 [ RunTime:0.0840s ]
SQL: UPDATE `nav_site` SET `url`='http://www.zeroacg.com/' WHERE `id` = 1025 [ RunTime:0.0860s ]
SQL: UPDATE `nav_site` SET `url`='http://www.17mv.com/' WHERE `id` = 1026 [ RunTime:0.0910s ]
SQL: UPDATE `nav_site` SET `url`='http://www.1ting.com/rank/acg.html' WHERE `id` = 1027 [ RunTime:0.0850s ]
SQL: UPDATE `nav_site` SET `url`='http://5sing.kugou.com/bz/index.shtml' WHERE `id` = 1028 [ RunTime:0.0850s ]
SQL: UPDATE `nav_site` SET `url`='http://www.gepuwang.net/' WHERE `id` = 1029 [ RunTime:0.0890s ]
SQL: UPDATE `nav_site` SET `url`='http://www.sooopu.com/' WHERE `id` = 1030 [ RunTime:0.1020s ]
SQL: UPDATE `nav_site` SET `url`='http://www.myscore.org/' WHERE `id` = 1031 [ RunTime:0.0880s ]
SQL: UPDATE `nav_site` SET `url`='http://www.dnyyjcw.com/forum.php' WHERE `id` = 1032 [ RunTime:0.1050s ]
SQL: UPDATE `nav_site` SET `url`='http://www.ximalaya.com/3722404/album/214590' WHERE `id` = 1033 [ RunTime:0.0840s ]
SQL: UPDATE `nav_site` SET `url`='http://www.520tingshu.com/book/book5112.html' WHERE `id` = 1034 [ RunTime:0.0830s ]
SQL: UPDATE `nav_site` SET `url`='http://www.qktsw.com/topic/guigushi.html' WHERE `id` = 1035 [ RunTime:0.0880s ]
SQL: UPDATE `nav_site` SET `url`='http://www.guigushi2.com/' WHERE `id` = 1036 [ RunTime:0.0850s ]
SQL: UPDATE `nav_site` SET `url`='www.meituan.com' WHERE `id` = 1037 [ RunTime:0.0900s ]
SQL: UPDATE `nav_site` SET `url`='www.DianPing.Com' WHERE `id` = 1038 [ RunTime:0.0890s ]
SQL: UPDATE `nav_site` SET `url`='www.nuomi.com ' WHERE `id` = 1039 [ RunTime:0.0840s ]
SQL: UPDATE `nav_site` SET `url`='http://www.meishichina.com/' WHERE `id` = 1040 [ RunTime:0.0860s ]
SQL: UPDATE `nav_site` SET `url`='http://waimai.meituan.com' WHERE `id` = 1041 [ RunTime:0.0950s ]
SQL: UPDATE `nav_site` SET `url`='www.ele.me' WHERE `id` = 1042 [ RunTime:0.0890s ]
SQL: UPDATE `nav_site` SET `url`='http://trip.elong.com/' WHERE `id` = 1043 [ RunTime:0.1050s ]
SQL: UPDATE `nav_site` SET `url`='http://vacations.ctrip.com/' WHERE `id` = 1044 [ RunTime:0.0850s ]
SQL: UPDATE `nav_site` SET `url`='http://travel.qunar.com/?from=header' WHERE `id` = 1045 [ RunTime:0.1110s ]
SQL: UPDATE `nav_site` SET `url`='http://t.nuomi.com/' WHERE `id` = 1046 [ RunTime:0.0830s ]
SQL: UPDATE `nav_site` SET `url`='http://www.xiaojukeji.com/index.html' WHERE `id` = 1047 [ RunTime:0.0860s ]
SQL: UPDATE `nav_site` SET `url`='https://partners.uber.com.cn/ob/signup?utm_source=baidu_brand&utm_campaign=search|desktop|drivers|National|country-37|city-99|keyword_0000011876|matchtype_Exact|ad_{creativeid}|campaign_brand|group_UBER-ZH-BZ' WHERE `id` = 1048 [ RunTime:0.0830s ]
SQL: UPDATE `nav_site` SET `url`='http://www.dianping.com/' WHERE `id` = 1049 [ RunTime:0.0840s ]
SQL: UPDATE `nav_site` SET `url`='http://www.meituan.com/cart/' WHERE `id` = 1050 [ RunTime:0.0860s ]
SQL: UPDATE `nav_site` SET `url`='http://mall.baidu.com/?from=nuomi_pc_ba' WHERE `id` = 1051 [ RunTime:0.0860s ]
SQL: UPDATE `nav_site` SET `url`='https://ju.taobao.com/' WHERE `id` = 1052 [ RunTime:0.0820s ]
SQL: UPDATE `nav_site` SET `url`='http://www.mogujie.com/' WHERE `id` = 1053 [ RunTime:0.0860s ]
SQL: UPDATE `nav_site` SET `url`='http://www.csair.com/cn/index.shtml?WT.mc_id=sem-baidu-BZ-title0429&WT.srch=1' WHERE `id` = 1054 [ RunTime:0.1020s ]
SQL: UPDATE `nav_site` SET `url`='www.ceair.com' WHERE `id` = 1055 [ RunTime:0.0850s ]
SQL: UPDATE `nav_site` SET `url`='www.ch.com' WHERE `id` = 1056 [ RunTime:0.0840s ]
SQL: UPDATE `nav_site` SET `url`='http://www.airchina.com.cn/?cid=1-5ML89SN:20160422:SLK:BaiduB:CHN:9' WHERE `id` = 1057 [ RunTime:0.0860s ]
SQL: UPDATE `nav_site` SET `url`='airchina.travelsky.com/ ' WHERE `id` = 1058 [ RunTime:0.0860s ]
SQL: UPDATE `nav_site` SET `url`='http://lol.qq.com/' WHERE `id` = 1059 [ RunTime:0.1390s ]
SQL: UPDATE `nav_site` SET `url`='http://www.dota2.com.cn/index.htm' WHERE `id` = 1060 [ RunTime:0.0830s ]
SQL: UPDATE `nav_site` SET `url`='http://www.battlenet.com.cn/zh/' WHERE `id` = 1061 [ RunTime:0.0840s ]
SQL: UPDATE `nav_site` SET `url`='http://store.steampowered.com/' WHERE `id` = 1062 [ RunTime:0.0850s ]
SQL: UPDATE `nav_site` SET `url`='http://jx3.xoyo.com/' WHERE `id` = 1063 [ RunTime:0.0870s ]
SQL: UPDATE `nav_site` SET `url`='http://hs.blizzard.cn/landing' WHERE `id` = 1064 [ RunTime:0.0880s ]
SQL: UPDATE `nav_site` SET `url`='http://wuxia.qq.com/' WHERE `id` = 1065 [ RunTime:0.0830s ]
SQL: UPDATE `nav_site` SET `url`='http://xyq.163.com/' WHERE `id` = 1066 [ RunTime:0.0860s ]
SQL: UPDATE `nav_site` SET `url`='http://csol.tiancity.com/homepage/v5/' WHERE `id` = 1067 [ RunTime:0.0830s ]
SQL: UPDATE `nav_site` SET `url`='http://ow.blizzard.cn/buy/' WHERE `id` = 1068 [ RunTime:0.0840s ]
SQL: UPDATE `nav_site` SET `url`='http://wow.blizzard.cn/' WHERE `id` = 1069 [ RunTime:0.0870s ]
SQL: UPDATE `nav_site` SET `url`='http://fight.pcgames.com.cn/warcraft/' WHERE `id` = 1070 [ RunTime:0.0970s ]
SQL: UPDATE `nav_site` SET `url`='http://sc2.blizzard.cn/' WHERE `id` = 1071 [ RunTime:0.0830s ]
SQL: UPDATE `nav_site` SET `url`='http://www.paopaoche.net/yx/xianjian' WHERE `id` = 1072 [ RunTime:0.0930s ]
SQL: UPDATE `nav_site` SET `url`='http://www.ali213.net/zt/cncra3/' WHERE `id` = 1073 [ RunTime:0.0920s ]
SQL: UPDATE `nav_site` SET `url`='http://www.gamersky.com/z/ageofempires3/' WHERE `id` = 1074 [ RunTime:0.0950s ]
SQL: UPDATE `nav_site` SET `url`='http://ios.d.cn/' WHERE `id` = 1075 [ RunTime:0.1870s ]
SQL: UPDATE `nav_site` SET `url`='http://iwan.baidu.com/yeyou?zt=fc&fcquery=%E6%89%8B%E6%B8%B8%E7%BD%91%E6%B8%B8&dlfrom=6629198809_3_1769193129_' WHERE `id` = 1076 [ RunTime:0.0900s ]
SQL: UPDATE `nav_site` SET `url`='http://tieba.baidu.com/f?kw=iphone%D3%CE%CF%B7&fr=ala0&tpl=5' WHERE `id` = 1077 [ RunTime:0.0980s ]
SQL: UPDATE `nav_site` SET `url`='http://tieba.baidu.com/f?kw=%B0%B2%D7%BF%D3%CE%CF%B7' WHERE `id` = 1078 [ RunTime:0.0900s ]
SQL: UPDATE `nav_site` SET `url`='http://tieba.baidu.com/f?kw=%CA%D6%D3%CE&fr=ala0&tpl=5' WHERE `id` = 1079 [ RunTime:0.1080s ]
SQL: UPDATE `nav_site` SET `url`='http://www.shouyouba.net/' WHERE `id` = 1080 [ RunTime:0.0880s ]
SQL: UPDATE `nav_site` SET `url`='http://www.youba.com/' WHERE `id` = 1081 [ RunTime:0.1080s ]
SQL: UPDATE `nav_site` SET `url`='http://www.uuu9.com/' WHERE `id` = 1082 [ RunTime:0.0850s ]
SQL: UPDATE `nav_site` SET `url`='http://www.gamersky.com/' WHERE `id` = 1083 [ RunTime:0.1110s ]
SQL: UPDATE `nav_site` SET `url`='http://bbs.ngacn.cc/' WHERE `id` = 1084 [ RunTime:0.0870s ]
SQL: UPDATE `nav_site` SET `url`='www.17173.com' WHERE `id` = 1085 [ RunTime:0.1120s ]
SQL: UPDATE `nav_site` SET `url`='www.52pk.com' WHERE `id` = 1086 [ RunTime:0.0840s ]
SQL: UPDATE `nav_site` SET `url`='http://translate.google.cn/' WHERE `id` = 10001 [ RunTime:0.1150s ]
SQL: UPDATE `nav_site` SET `url`='http://www.12345b.com/dir/siteinfo/4557.html' WHERE `id` = 10002 [ RunTime:0.0880s ]
SQL: UPDATE `nav_site` SET `url`='http://www.hjenglish.com/' WHERE `id` = 10003 [ RunTime:0.1100s ]
SQL: UPDATE `nav_site` SET `url`='http://www.koolearn.com/' WHERE `id` = 10004 [ RunTime:0.0870s ]
SQL: UPDATE `nav_site` SET `url`='http://www.21voa.com/index.html' WHERE `id` = 10005 [ RunTime:0.1040s ]
SQL: UPDATE `nav_site` SET `url`='http://www.syy.me/forum.php' WHERE `id` = 10006 [ RunTime:0.0830s ]
SQL: UPDATE `nav_site` SET `url`='http://open.163.com/' WHERE `id` = 10007 [ RunTime:0.0830s ]
SQL: UPDATE `nav_site` SET `url`='http://www.koolearn.com/' WHERE `id` = 10008 [ RunTime:0.0830s ]
SQL: UPDATE `nav_site` SET `url`='https://www.coursera.org/' WHERE `id` = 10009 [ RunTime:0.0850s ]
SQL: UPDATE `nav_site` SET `url`='http://www.ted.com/' WHERE `id` = 10010 [ RunTime:0.0850s ]
SQL: UPDATE `nav_site` SET `url`='http://www.imooc.com/' WHERE `id` = 10011 [ RunTime:0.0830s ]
SQL: UPDATE `nav_site` SET `url`='http://www.icourse163.org/' WHERE `id` = 10012 [ RunTime:0.0980s ]
SQL: UPDATE `nav_site` SET `url`='http://mooc.guokr.com/' WHERE `id` = 10013 [ RunTime:0.0840s ]
SQL: UPDATE `nav_site` SET `url`='http://www.chinakaoyan.com/' WHERE `id` = 10014 [ RunTime:0.0890s ]
SQL: UPDATE `nav_site` SET `url`='http://www.freekaoyan.com/' WHERE `id` = 10015 [ RunTime:0.0870s ]
SQL: UPDATE `nav_site` SET `url`='http://www.qinghuaonline.com/' WHERE `id` = 10016 [ RunTime:0.0840s ]
SQL: UPDATE `nav_site` SET `url`='http://www.kaoyan.com/' WHERE `id` = 10017 [ RunTime:0.0870s ]
SQL: UPDATE `nav_site` SET `url`='http://edu.qq.com/y/' WHERE `id` = 10018 [ RunTime:0.0830s ]
SQL: UPDATE `nav_site` SET `url`='http://www.offcn.com/' WHERE `id` = 10019 [ RunTime:0.0870s ]
SQL: UPDATE `nav_site` SET `url`='http://edu.sina.com.cn/shiti/official/index.html' WHERE `id` = 10020 [ RunTime:0.0860s ]
SQL: UPDATE `nav_site` SET `url`='http://edu.qq.com/official/' WHERE `id` = 10021 [ RunTime:0.0840s ]
SQL: UPDATE `nav_site` SET `url`='http://www.chinagwy.org/' WHERE `id` = 10022 [ RunTime:0.0860s ]
SQL: UPDATE `nav_site` SET `url`='http://www.scs.gov.cn/' WHERE `id` = 10023 [ RunTime:0.1010s ]
SQL: UPDATE `nav_site` SET `url`='http://www.eastedu.com.cn/ncre.asp' WHERE `id` = 10024 [ RunTime:0.0850s ]
SQL: UPDATE `nav_site` SET `url`='http://class.qq.com/category/10.html' WHERE `id` = 10025 [ RunTime:0.0860s ]
SQL: UPDATE `nav_site` SET `url`='http://haixue.com/sf09?webFrom=SF_BD_JQ_JP_197674670' WHERE `id` = 10026 [ RunTime:0.0830s ]
SQL: UPDATE `nav_site` SET `url`='http://edu.sina.com.cn/focus/CPA.html' WHERE `id` = 10027 [ RunTime:0.0830s ]
SQL: UPDATE `nav_site` SET `url`='www.chinaacc.com' WHERE `id` = 10028 [ RunTime:0.0830s ]
SQL: UPDATE `nav_site` SET `url`='http://www.csdn.net/' WHERE `id` = 10029 [ RunTime:0.0830s ]
SQL: UPDATE `nav_site` SET `url`='http://www.oschina.net/project/lang/19/java/' WHERE `id` = 10030 [ RunTime:0.0930s ]
SQL: UPDATE `nav_site` SET `url`='http://tech.163.com/school' WHERE `id` = 10031 [ RunTime:0.0950s ]
SQL: UPDATE `nav_site` SET `url`='http://college.sina.com/' WHERE `id` = 10032 [ RunTime:0.0950s ]
SQL: UPDATE `nav_site` SET `url`='http://www.51zxw.net/' WHERE `id` = 10033 [ RunTime:0.0900s ]
SQL: UPDATE `nav_site` SET `url`='http://www.imooc.com/' WHERE `id` = 10034 [ RunTime:0.0830s ]
SQL: UPDATE `nav_site` SET `url`='http://www.chuanke.com/' WHERE `id` = 10035 [ RunTime:0.0930s ]
SQL: UPDATE `nav_site` SET `url`='http://www.chaoxing.com/' WHERE `id` = 10036 [ RunTime:0.0870s ]
SQL: UPDATE `nav_site` SET `url`='http://www.cqvip.com/' WHERE `id` = 10037 [ RunTime:0.0830s ]
SQL: UPDATE `nav_site` SET `url`='http://www.cnki.net/' WHERE `id` = 10038 [ RunTime:0.0870s ]
SQL: UPDATE `nav_site` SET `url`='http://www.wanfangdata.com.cn/' WHERE `id` = 10039 [ RunTime:0.0830s ]
SQL: UPDATE `nav_site` SET `url`='http://www.51fabiaowang.com/' WHERE `id` = 10040 [ RunTime:0.0850s ]
SQL: UPDATE `nav_site` SET `url`='http://www.tigtag.com/' WHERE `id` = 10041 [ RunTime:0.1010s ]
SQL: UPDATE `nav_site` SET `url`='http://edu.sina.com.cn/zt/focus/studyabroad/index.html' WHERE `id` = 10042 [ RunTime:0.0920s ]
SQL: UPDATE `nav_site` SET `url`='http://www.aoji.cn' WHERE `id` = 10043 [ RunTime:0.1010s ]
SQL: UPDATE `nav_site` SET `url`='http://tiandaoedu.com/' WHERE `id` = 10044 [ RunTime:0.0830s ]
SQL: UPDATE `nav_site` SET `url`='http://www.taisha.org/' WHERE `id` = 10045 [ RunTime:0.1170s ]
SQL: UPDATE `nav_site` SET `url`='http://www.iqiyi.com/dianying/' WHERE `id` = 10046 [ RunTime:0.0900s ]
SQL: UPDATE `nav_site` SET `url`='http://v.qq.com/movie/' WHERE `id` = 10047 [ RunTime:0.1010s ]
SQL: UPDATE `nav_site` SET `url`='http://www.dygang.com/' WHERE `id` = 10048 [ RunTime:0.0890s ]
SQL: UPDATE `nav_site` SET `url`='http://www.loldytt.com/' WHERE `id` = 10049 [ RunTime:0.0850s ]
SQL: UPDATE `nav_site` SET `url`='http://www.diediao.com/' WHERE `id` = 10050 [ RunTime:0.0870s ]
SQL: UPDATE `nav_site` SET `url`='http://www.vmovier.com/' WHERE `id` = 10051 [ RunTime:0.0840s ]
SQL: UPDATE `nav_site` SET `url`='http://tv.sohu.com/drama/us/' WHERE `id` = 10052 [ RunTime:0.0870s ]
SQL: UPDATE `nav_site` SET `url`='http://www.MeiJuTT.com' WHERE `id` = 10053 [ RunTime:0.0870s ]
SQL: UPDATE `nav_site` SET `url`='http://www.diediao.com/' WHERE `id` = 10054 [ RunTime:0.0830s ]
SQL: UPDATE `nav_site` SET `url`='http://rrmj.tv/page/index/' WHERE `id` = 10055 [ RunTime:0.0890s ]
SQL: UPDATE `nav_site` SET `url`='http://www.ttmeiju.com/index.php' WHERE `id` = 10056 [ RunTime:0.0950s ]
SQL: UPDATE `nav_site` SET `url`='http://www.diediao.com/' WHERE `id` = 10057 [ RunTime:0.0880s ]
SQL: UPDATE `nav_site` SET `url`='http://www.hanjuwang.com/' WHERE `id` = 10058 [ RunTime:0.1090s ]
SQL: UPDATE `nav_site` SET `url`='http://www.97pd.com/' WHERE `id` = 10059 [ RunTime:0.0850s ]
SQL: UPDATE `nav_site` SET `url`='http://www.manmankan.com/dy2013/dianshiju/hanguo/' WHERE `id` = 10060 [ RunTime:0.0860s ]
SQL: UPDATE `nav_site` SET `url`='http://tv.sohu.com/drama/korea/' WHERE `id` = 10061 [ RunTime:0.0860s ]
SQL: UPDATE `nav_site` SET `url`='http://www.acfun.tv/' WHERE `id` = 10062 [ RunTime:0.0830s ]
SQL: UPDATE `nav_site` SET `url`='http://www.bilibili.com/' WHERE `id` = 10063 [ RunTime:0.0870s ]
SQL: UPDATE `nav_site` SET `url`='http://www.dm530.com/' WHERE `id` = 10064 [ RunTime:0.0840s ]
SQL: UPDATE `nav_site` SET `url`='http://www.hahadm.com/' WHERE `id` = 10065 [ RunTime:0.0910s ]
SQL: UPDATE `nav_site` SET `url`='http://www.xxdm.org/' WHERE `id` = 10066 [ RunTime:0.0830s ]
SQL: UPDATE `nav_site` SET `url`='http://www.52tian.net/' WHERE `id` = 10067 [ RunTime:0.0990s ]
SQL: UPDATE `nav_site` SET `url`='http://www.douyu.com/directory' WHERE `id` = 10068 [ RunTime:0.0840s ]
SQL: UPDATE `nav_site` SET `url`='http://www.panda.tv/cate' WHERE `id` = 10069 [ RunTime:0.0840s ]
SQL: UPDATE `nav_site` SET `url`='http://www.zhanqi.tv/games' WHERE `id` = 10070 [ RunTime:0.0870s ]
SQL: UPDATE `nav_site` SET `url`='http://www.yy.com/game/' WHERE `id` = 10071 [ RunTime:0.0900s ]
SQL: UPDATE `nav_site` SET `url`='http://www.17173.com/' WHERE `id` = 10072 [ RunTime:0.0870s ]
SQL: UPDATE `nav_site` SET `url`='http://www.videohupu.com/' WHERE `id` = 10073 [ RunTime:0.0900s ]
SQL: UPDATE `nav_site` SET `url`='http://www.tiyuhu.com/' WHERE `id` = 10074 [ RunTime:0.0850s ]
SQL: UPDATE `nav_site` SET `url`='http://www.zhibo8.cc/' WHERE `id` = 10075 [ RunTime:0.0830s ]
SQL: UPDATE `nav_site` SET `url`='http://sports.qq.com/' WHERE `id` = 10076 [ RunTime:0.1020s ]
SQL: UPDATE `nav_site` SET `url`='http://match.sports.sina.com.cn/index.html' WHERE `id` = 10077 [ RunTime:0.0830s ]
SQL: UPDATE `nav_site` SET `url`='http://www.iqiyi.com/zongyi/' WHERE `id` = 10078 [ RunTime:0.0860s ]
SQL: UPDATE `nav_site` SET `url`='http://www.mgtv.com/' WHERE `id` = 10079 [ RunTime:0.0850s ]
SQL: UPDATE `nav_site` SET `url`='http://v.qq.com/variety/' WHERE `id` = 10080 [ RunTime:0.0850s ]
SQL: UPDATE `nav_site` SET `url`='http://zy.youku.com/' WHERE `id` = 10081 [ RunTime:0.0980s ]
SQL: UPDATE `nav_site` SET `url`='http://zongyi.le.com/' WHERE `id` = 10082 [ RunTime:0.1430s ]
SQL: UPDATE `nav_site` SET `url`='http://www.yinyuetai.com/' WHERE `id` = 10083 [ RunTime:0.0950s ]
SQL: UPDATE `nav_site` SET `url`='http://www.idaocao.com/' WHERE `id` = 10084 [ RunTime:0.0930s ]
SQL: UPDATE `nav_site` SET `url`='http://www.imusiccn.com/' WHERE `id` = 10085 [ RunTime:0.0910s ]
SQL: UPDATE `nav_site` SET `url`='http://www.ycdahui.com/' WHERE `id` = 10086 [ RunTime:0.0880s ]
SQL: UPDATE `nav_site` SET `url`='http://www.aebee.com/' WHERE `id` = 10087 [ RunTime:0.0860s ]
SQL: UPDATE `nav_site` SET `url`='http://www.laojilu.com/' WHERE `id` = 10088 [ RunTime:0.0840s ]
SQL: UPDATE `nav_site` SET `url`='http://www.onehourlife.com/' WHERE `id` = 10089 [ RunTime:0.0830s ]
SQL: UPDATE `nav_site` SET `url`='http://jishi.cctv.com/index.shtml' WHERE `id` = 10090 [ RunTime:0.0940s ]
SQL: UPDATE `nav_site` SET `url`='http://v.ifeng.com/documentary/' WHERE `id` = 10091 [ RunTime:0.0930s ]
SQL: UPDATE `nav_site` SET `url`='http://www.wowo123.com/' WHERE `id` = 10092 [ RunTime:0.0850s ]
SQL: UPDATE `nav_site` SET `url`='http://www.acfun.tv/v/list162/index.htm' WHERE `id` = 10093 [ RunTime:0.0900s ]
SQL: UPDATE `nav_site` SET `url`='http://www.qidian.com/Default.aspx' WHERE `id` = 10094 [ RunTime:0.0890s ]
SQL: UPDATE `nav_site` SET `url`='http://yanqing.readnovel.com/' WHERE `id` = 10095 [ RunTime:0.1060s ]
SQL: UPDATE `nav_site` SET `url`='http://www.jjwxc.net/' WHERE `id` = 10096 [ RunTime:0.0870s ]
SQL: UPDATE `nav_site` SET `url`='http://fanwai.19lou.com/' WHERE `id` = 10097 [ RunTime:0.0850s ]
SQL: UPDATE `nav_site` SET `url`='http://www.ximalaya.com/' WHERE `id` = 10098 [ RunTime:0.0860s ]
SQL: UPDATE `nav_site` SET `url`='http://news.163.com/index.html' WHERE `id` = 10099 [ RunTime:0.0830s ]
SQL: UPDATE `nav_site` SET `url`='http://news.sina.com.hk/' WHERE `id` = 10100 [ RunTime:0.0830s ]
SQL: UPDATE `nav_site` SET `url`='http://news.sohu.com/' WHERE `id` = 10101 [ RunTime:0.0840s ]
SQL: UPDATE `nav_site` SET `url`='http://news.qq.com/' WHERE `id` = 10102 [ RunTime:0.0890s ]
SQL: UPDATE `nav_site` SET `url`='http://news.ifeng.com/' WHERE `id` = 10103 [ RunTime:0.0840s ]
SQL: UPDATE `nav_site` SET `url`='http://www.huanqiu.com/' WHERE `id` = 10104 [ RunTime:0.1130s ]
SQL: UPDATE `nav_site` SET `url`='http://www.383237.com/' WHERE `id` = 10105 [ RunTime:0.0840s ]
SQL: UPDATE `nav_site` SET `url`='http://www.u17.com/' WHERE `id` = 10106 [ RunTime:0.1010s ]
SQL: UPDATE `nav_site` SET `url`='http://www.dm5.com/' WHERE `id` = 10107 [ RunTime:0.0890s ]
SQL: UPDATE `nav_site` SET `url`='http://www.ishangman.com/' WHERE `id` = 10108 [ RunTime:0.0860s ]
SQL: UPDATE `nav_site` SET `url`='http://www.manmankan.com/index.asp' WHERE `id` = 10109 [ RunTime:0.0840s ]
SQL: UPDATE `nav_site` SET `url`='http://www.nhcun.com/' WHERE `id` = 10110 [ RunTime:0.0890s ]
SQL: UPDATE `nav_site` SET `url`='http://www.manhuabu.com/' WHERE `id` = 10111 [ RunTime:0.0930s ]
SQL: UPDATE `nav_site` SET `url`='http://baozoumanhua.com/' WHERE `id` = 10112 [ RunTime:0.0850s ]
SQL: UPDATE `nav_site` SET `url`='http://astro.sina.com.cn/' WHERE `id` = 10113 [ RunTime:0.0880s ]
SQL: UPDATE `nav_site` SET `url`='http://astro.fashion.qq.com/index.shtml' WHERE `id` = 10114 [ RunTime:0.1070s ]
SQL: UPDATE `nav_site` SET `url`='http://www.d1xz.net/zl/nownow.aspx' WHERE `id` = 10115 [ RunTime:0.0860s ]
SQL: UPDATE `nav_site` SET `url`='http://www.meiguoshenpo.com/' WHERE `id` = 10116 [ RunTime:0.0970s ]
SQL: UPDATE `nav_site` SET `url`='http://www.8s8s.com/' WHERE `id` = 10117 [ RunTime:0.0860s ]
SQL: UPDATE `nav_site` SET `url`='http://www.qiushibaike.com/' WHERE `id` = 10118 [ RunTime:0.0850s ]
SQL: UPDATE `nav_site` SET `url`='http://www.budejie.cn/' WHERE `id` = 10119 [ RunTime:0.1020s ]
SQL: UPDATE `nav_site` SET `url`='http://jandan.net/' WHERE `id` = 10120 [ RunTime:0.0860s ]
SQL: UPDATE `nav_site` SET `url`='http://www.pengfu.com/' WHERE `id` = 10121 [ RunTime:0.1080s ]
SQL: UPDATE `nav_site` SET `url`='http://www.shenhuif.com/' WHERE `id` = 10122 [ RunTime:0.0930s ]
SQL: UPDATE `nav_site` SET `url`='http://haha.sogou.com/' WHERE `id` = 10123 [ RunTime:0.1050s ]
SQL: UPDATE `nav_site` SET `url`='http://www.ihuopo.com/' WHERE `id` = 10124 [ RunTime:0.0830s ]
SQL: UPDATE `nav_site` SET `url`='http://xiaohua.zol.com.cn/' WHERE `id` = 10125 [ RunTime:0.0840s ]
SQL: UPDATE `nav_site` SET `url`='http://www.jokeji.cn/' WHERE `id` = 10126 [ RunTime:0.0900s ]
SQL: UPDATE `nav_site` SET `url`='http://book.sina.com.cn/' WHERE `id` = 10127 [ RunTime:0.0870s ]
SQL: UPDATE `nav_site` SET `url`='http://read.dangdang.com/list_' WHERE `id` = 10128 [ RunTime:0.0880s ]
SQL: UPDATE `nav_site` SET `url`='http://www.sbkk8.cn/mingzhu/' WHERE `id` = 10129 [ RunTime:0.0840s ]
SQL: UPDATE `nav_site` SET `url`='http://t.icesmall.cn/novel/post/world.html' WHERE `id` = 10130 [ RunTime:0.0850s ]
SQL: UPDATE `nav_site` SET `url`='http://www.eywedu.com/main.asp' WHERE `id` = 10131 [ RunTime:0.0870s ]
SQL: UPDATE `nav_site` SET `url`='http://www.39.net/' WHERE `id` = 10132 [ RunTime:0.0880s ]
SQL: UPDATE `nav_site` SET `url`='http://www.qm120.com/' WHERE `id` = 10133 [ RunTime:0.0880s ]
SQL: UPDATE `nav_site` SET `url`='http://health.sina.com.cn/' WHERE `id` = 10134 [ RunTime:0.1600s ]
SQL: UPDATE `nav_site` SET `url`='http://www.ys137.com/' WHERE `id` = 10135 [ RunTime:0.0860s ]
SQL: UPDATE `nav_site` SET `url`='http://www.120ask.com/' WHERE `id` = 10136 [ RunTime:0.0840s ]
INFO: [ app_end ] --START--
INFO: Run Behavior\ShowPageTraceBehavior [ RunTime:0.002000s ]
INFO: [ app_end ] --END-- [ RunTime:0.003000s ]

