[ 2016-05-20T10:22:22+08:00 ] 127.0.0.1 /nav/home/index/index
INFO: [ app_init ] --START--
INFO: Run Behavior\BuildLiteBehavior [ RunTime:0.000000s ]
INFO: [ app_init ] --END-- [ RunTime:0.002500s ]
INFO: [ app_begin ] --START--
INFO: Run Behavior\ReadHtmlCacheBehavior [ RunTime:0.012500s ]
INFO: [ app_begin ] --END-- [ RunTime:0.012500s ]
SQL: SHOW COLUMNS FROM `nav_site` [ RunTime:0.0875s ]
SQL: SELECT * FROM `nav_site`  [ RunTime:0.0900s ]
INFO: [ view_parse ] --START--
INFO: [ template_filter ] --START--
INFO: Run Behavior\ContentReplaceBehavior [ RunTime:0.025000s ]
INFO: [ template_filter ] --END-- [ RunTime:0.027500s ]
INFO: Run Behavior\ParseTemplateBehavior [ RunTime:0.205004s ]
INFO: [ view_parse ] --END-- [ RunTime:0.205004s ]
INFO: [ view_filter ] --START--
INFO: Run Behavior\WriteHtmlCacheBehavior [ RunTime:0.017500s ]
INFO: [ view_filter ] --END-- [ RunTime:0.020000s ]
INFO: [ app_end ] --START--
INFO: Run Behavior\ShowPageTraceBehavior [ RunTime:0.015000s ]
INFO: [ app_end ] --END-- [ RunTime:0.017500s ]

[ 2016-05-20T10:23:26+08:00 ] 127.0.0.1 /nav/home/robot/index
INFO: [ app_init ] --START--
INFO: Run Behavior\BuildLiteBehavior [ RunTime:0.000000s ]
INFO: [ app_init ] --END-- [ RunTime:0.002500s ]
INFO: [ app_begin ] --START--
INFO: Run Behavior\ReadHtmlCacheBehavior [ RunTime:0.002500s ]
INFO: [ app_begin ] --END-- [ RunTime:0.002500s ]
SQL: SHOW COLUMNS FROM `nav_robot` [ RunTime:0.0775s ]
SQL: SELECT * FROM `nav_robot` LIMIT 0,1   [ RunTime:0.0800s ]
INFO: [ app_end ] --START--
INFO: Run Behavior\ShowPageTraceBehavior [ RunTime:0.002500s ]
INFO: [ app_end ] --END-- [ RunTime:0.002500s ]

[ 2016-05-20T10:23:47+08:00 ] 127.0.0.1 /nav/home/robot/index
INFO: [ app_init ] --START--
INFO: Run Behavior\BuildLiteBehavior [ RunTime:0.000000s ]
INFO: [ app_init ] --END-- [ RunTime:0.000000s ]
INFO: [ app_begin ] --START--
INFO: Run Behavior\ReadHtmlCacheBehavior [ RunTime:0.002500s ]
INFO: [ app_begin ] --END-- [ RunTime:0.002500s ]
SQL: SHOW COLUMNS FROM `nav_robot` [ RunTime:0.0950s ]
SQL: SELECT * FROM `nav_robot` LIMIT 0,2   [ RunTime:0.0900s ]
INFO: [ app_end ] --START--
INFO: Run Behavior\ShowPageTraceBehavior [ RunTime:0.000000s ]
INFO: [ app_end ] --END-- [ RunTime:0.002500s ]

[ 2016-05-20T10:24:55+08:00 ] 127.0.0.1 /nav/home/robot/index
INFO: [ app_init ] --START--
INFO: Run Behavior\BuildLiteBehavior [ RunTime:0.000000s ]
INFO: [ app_init ] --END-- [ RunTime:0.002500s ]
INFO: [ app_begin ] --START--
INFO: Run Behavior\ReadHtmlCacheBehavior [ RunTime:0.002500s ]
INFO: [ app_begin ] --END-- [ RunTime:0.002500s ]
SQL: SHOW COLUMNS FROM `nav_robot` [ RunTime:0.0650s ]
SQL: SELECT * FROM `nav_robot` LIMIT 0,1   [ RunTime:0.0700s ]

[ 2016-05-20T10:25:52+08:00 ] 127.0.0.1 /nav/home/robot/index
INFO: [ app_init ] --START--
INFO: Run Behavior\BuildLiteBehavior [ RunTime:0.000000s ]
INFO: [ app_init ] --END-- [ RunTime:0.002500s ]
INFO: [ app_begin ] --START--
INFO: Run Behavior\ReadHtmlCacheBehavior [ RunTime:0.002500s ]
INFO: [ app_begin ] --END-- [ RunTime:0.002500s ]
SQL: SHOW COLUMNS FROM `nav_robot` [ RunTime:0.0800s ]
SQL: SELECT * FROM `nav_robot` LIMIT 0,1   [ RunTime:0.0625s ]

[ 2016-05-20T10:26:59+08:00 ] 127.0.0.1 /nav/home/robot/index
INFO: [ app_init ] --START--
INFO: Run Behavior\BuildLiteBehavior [ RunTime:0.000000s ]
INFO: [ app_init ] --END-- [ RunTime:0.000000s ]
INFO: [ app_begin ] --START--
INFO: Run Behavior\ReadHtmlCacheBehavior [ RunTime:0.002500s ]
INFO: [ app_begin ] --END-- [ RunTime:0.002500s ]
SQL: SHOW COLUMNS FROM `nav_robot` [ RunTime:0.0850s ]
SQL: SELECT * FROM `nav_robot` LIMIT 0,1   [ RunTime:0.0800s ]

[ 2016-05-20T10:27:16+08:00 ] 127.0.0.1 /nav/home/robot/index
INFO: [ app_init ] --START--
INFO: Run Behavior\BuildLiteBehavior [ RunTime:0.000000s ]
INFO: [ app_init ] --END-- [ RunTime:0.002500s ]
INFO: [ app_begin ] --START--
INFO: Run Behavior\ReadHtmlCacheBehavior [ RunTime:0.002500s ]
INFO: [ app_begin ] --END-- [ RunTime:0.002500s ]
SQL: SHOW COLUMNS FROM `nav_robot` [ RunTime:0.0975s ]
SQL: SELECT * FROM `nav_robot` LIMIT 0,1   [ RunTime:0.0975s ]
NOTIC: [2] fopen(__PUBLIC__/robot/101.html): failed to open stream: No such file or directory F:\program\wamp\www\nav\Application\Home\Controller\RobotController.class.php 第 17 行.

[ 2016-05-20T10:28:32+08:00 ] 127.0.0.1 /nav/home/robot/index
INFO: [ app_init ] --START--
INFO: Run Behavior\BuildLiteBehavior [ RunTime:0.000000s ]
INFO: [ app_init ] --END-- [ RunTime:0.002500s ]
INFO: [ app_begin ] --START--
INFO: Run Behavior\ReadHtmlCacheBehavior [ RunTime:0.002500s ]
INFO: [ app_begin ] --END-- [ RunTime:0.002500s ]
SQL: SHOW COLUMNS FROM `nav_robot` [ RunTime:0.1425s ]
SQL: SELECT * FROM `nav_robot` LIMIT 0,1   [ RunTime:0.0725s ]
NOTIC: [2] fopen(__ROOT__/Public/robot/101.html): failed to open stream: No such file or directory F:\program\wamp\www\nav\Application\Home\Controller\RobotController.class.php 第 17 行.

[ 2016-05-20T10:29:02+08:00 ] 127.0.0.1 /nav/home/robot/index
INFO: [ app_init ] --START--
INFO: Run Behavior\BuildLiteBehavior [ RunTime:0.000000s ]
INFO: [ app_init ] --END-- [ RunTime:0.002500s ]
INFO: [ app_begin ] --START--
INFO: Run Behavior\ReadHtmlCacheBehavior [ RunTime:0.000000s ]
INFO: [ app_begin ] --END-- [ RunTime:0.000000s ]
SQL: SHOW COLUMNS FROM `nav_robot` [ RunTime:0.0850s ]
SQL: SELECT * FROM `nav_robot` LIMIT 0,1   [ RunTime:0.0800s ]
NOTIC: [2] fopen(/nav/Public/robot/101.html): failed to open stream: No such file or directory F:\program\wamp\www\nav\Application\Home\Controller\RobotController.class.php 第 17 行.

[ 2016-05-20T10:30:11+08:00 ] 127.0.0.1 /nav/home/robot/index
INFO: [ app_init ] --START--
INFO: Run Behavior\BuildLiteBehavior [ RunTime:0.000000s ]
INFO: [ app_init ] --END-- [ RunTime:0.002500s ]
INFO: [ app_begin ] --START--
INFO: Run Behavior\ReadHtmlCacheBehavior [ RunTime:0.002500s ]
INFO: [ app_begin ] --END-- [ RunTime:0.002500s ]
SQL: SHOW COLUMNS FROM `nav_robot` [ RunTime:0.0600s ]
SQL: SELECT * FROM `nav_robot` LIMIT 0,1   [ RunTime:0.0600s ]
NOTIC: [2] fopen(../../../../public/robot/101.html): failed to open stream: No such file or directory F:\program\wamp\www\nav\Application\Home\Controller\RobotController.class.php 第 17 行.

[ 2016-05-20T10:30:21+08:00 ] 127.0.0.1 /nav/home/robot/index
INFO: [ app_init ] --START--
INFO: Run Behavior\BuildLiteBehavior [ RunTime:0.000000s ]
INFO: [ app_init ] --END-- [ RunTime:0.000000s ]
INFO: [ app_begin ] --START--
INFO: Run Behavior\ReadHtmlCacheBehavior [ RunTime:0.002500s ]
INFO: [ app_begin ] --END-- [ RunTime:0.002500s ]
SQL: SHOW COLUMNS FROM `nav_robot` [ RunTime:0.0700s ]
SQL: SELECT * FROM `nav_robot` LIMIT 0,1   [ RunTime:0.0675s ]
NOTIC: [2] fopen(robot/101.html): failed to open stream: No such file or directory F:\program\wamp\www\nav\Application\Home\Controller\RobotController.class.php 第 17 行.

[ 2016-05-20T10:31:10+08:00 ] 127.0.0.1 /nav/home/robot/index
INFO: [ app_init ] --START--
INFO: Run Behavior\BuildLiteBehavior [ RunTime:0.002500s ]
INFO: [ app_init ] --END-- [ RunTime:0.002500s ]
INFO: [ app_begin ] --START--
INFO: Run Behavior\ReadHtmlCacheBehavior [ RunTime:0.005001s ]
INFO: [ app_begin ] --END-- [ RunTime:0.005001s ]
SQL: SHOW COLUMNS FROM `nav_robot` [ RunTime:0.0750s ]
SQL: SELECT * FROM `nav_robot` LIMIT 0,1   [ RunTime:0.0850s ]
NOTIC: [2] fopen(__PUBLIC__/robot/101.html): failed to open stream: No such file or directory F:\program\wamp\www\nav\Application\Home\Controller\RobotController.class.php 第 18 行.

[ 2016-05-20T10:31:49+08:00 ] 127.0.0.1 /nav/home/robot/index
INFO: [ app_init ] --START--
INFO: Run Behavior\BuildLiteBehavior [ RunTime:0.000000s ]
INFO: [ app_init ] --END-- [ RunTime:0.002500s ]
INFO: [ app_begin ] --START--
INFO: Run Behavior\ReadHtmlCacheBehavior [ RunTime:0.000000s ]
INFO: [ app_begin ] --END-- [ RunTime:0.002500s ]
SQL: SHOW COLUMNS FROM `nav_robot` [ RunTime:0.0750s ]
SQL: SELECT * FROM `nav_robot` LIMIT 0,1   [ RunTime:0.0750s ]
NOTIC: [8] Use of undefined constant __PUBLIC__ - assumed '__PUBLIC__' F:\program\wamp\www\nav\Application\Home\Controller\RobotController.class.php 第 16 行.
NOTIC: [2] fopen(__PUBLIC__/robot/101.html): failed to open stream: No such file or directory F:\program\wamp\www\nav\Application\Home\Controller\RobotController.class.php 第 17 行.

[ 2016-05-20T10:32:02+08:00 ] 127.0.0.1 /nav/home/robot/index
INFO: [ app_init ] --START--
INFO: Run Behavior\BuildLiteBehavior [ RunTime:0.000000s ]
INFO: [ app_init ] --END-- [ RunTime:0.000000s ]
INFO: [ app_begin ] --START--
INFO: Run Behavior\ReadHtmlCacheBehavior [ RunTime:0.002500s ]
INFO: [ app_begin ] --END-- [ RunTime:0.002500s ]
SQL: SHOW COLUMNS FROM `nav_robot` [ RunTime:0.1950s ]
SQL: SELECT * FROM `nav_robot` LIMIT 0,1   [ RunTime:0.0830s ]
NOTIC: [8] Use of undefined constant __PUBLIC__ - assumed '__PUBLIC__' F:\program\wamp\www\nav\Application\Home\Controller\RobotController.class.php 第 16 行.
NOTIC: [2] fopen(__PUBLIC__/robot/101.html): failed to open stream: No such file or directory F:\program\wamp\www\nav\Application\Home\Controller\RobotController.class.php 第 18 行.

[ 2016-05-20T10:35:43+08:00 ] 127.0.0.1 /nav/home/robot/index
INFO: [ app_init ] --START--
INFO: Run Behavior\BuildLiteBehavior [ RunTime:0.000000s ]
INFO: [ app_init ] --END-- [ RunTime:0.000000s ]
INFO: [ app_begin ] --START--
INFO: Run Behavior\ReadHtmlCacheBehavior [ RunTime:0.000000s ]
INFO: [ app_begin ] --END-- [ RunTime:0.002500s ]
SQL: SHOW COLUMNS FROM `nav_robot` [ RunTime:0.0800s ]
SQL: SELECT * FROM `nav_robot` LIMIT 0,1   [ RunTime:0.0875s ]
NOTIC: [2] fopen(robot/101.html): failed to open stream: No such file or directory F:\program\wamp\www\nav\Application\Home\Controller\RobotController.class.php 第 18 行.

[ 2016-05-20T10:37:09+08:00 ] 127.0.0.1 /nav/home/robot/index
INFO: [ app_init ] --START--
INFO: Run Behavior\BuildLiteBehavior [ RunTime:0.000000s ]
INFO: [ app_init ] --END-- [ RunTime:0.002500s ]
INFO: [ app_begin ] --START--
INFO: Run Behavior\ReadHtmlCacheBehavior [ RunTime:0.002500s ]
INFO: [ app_begin ] --END-- [ RunTime:0.002500s ]
SQL: SHOW COLUMNS FROM `nav_robot` [ RunTime:0.0625s ]
SQL: SELECT * FROM `nav_robot` LIMIT 0,1   [ RunTime:0.0600s ]
NOTIC: [2] fopen(../robot/101.html): failed to open stream: No such file or directory F:\program\wamp\www\nav\Application\Home\Controller\RobotController.class.php 第 18 行.

[ 2016-05-20T10:37:38+08:00 ] 127.0.0.1 /nav/home/robot/index
INFO: [ app_init ] --START--
INFO: Run Behavior\BuildLiteBehavior [ RunTime:0.000000s ]
INFO: [ app_init ] --END-- [ RunTime:0.002500s ]
INFO: [ app_begin ] --START--
INFO: Run Behavior\ReadHtmlCacheBehavior [ RunTime:0.000000s ]
INFO: [ app_begin ] --END-- [ RunTime:0.002500s ]
SQL: SHOW COLUMNS FROM `nav_robot` [ RunTime:0.0850s ]
SQL: SELECT * FROM `nav_robot` LIMIT 0,1   [ RunTime:0.0850s ]
NOTIC: [2] fopen(../robot/101.html): failed to open stream: No such file or directory F:\program\wamp\www\nav\Application\Home\Controller\RobotController.class.php 第 18 行.

[ 2016-05-20T10:38:41+08:00 ] 127.0.0.1 /nav/home/robot/index
INFO: [ app_init ] --START--
INFO: Run Behavior\BuildLiteBehavior [ RunTime:0.000000s ]
INFO: [ app_init ] --END-- [ RunTime:0.000000s ]
INFO: [ app_begin ] --START--
INFO: Run Behavior\ReadHtmlCacheBehavior [ RunTime:0.000000s ]
INFO: [ app_begin ] --END-- [ RunTime:0.002500s ]
SQL: SHOW COLUMNS FROM `nav_robot` [ RunTime:0.0775s ]
SQL: SELECT * FROM `nav_robot` LIMIT 0,1   [ RunTime:0.0770s ]
NOTIC: [2] fopen(robot/101.html): failed to open stream: No such file or directory F:\program\wamp\www\nav\Application\Home\Controller\RobotController.class.php 第 18 行.

[ 2016-05-20T10:39:35+08:00 ] 127.0.0.1 /nav/home/robot/index
INFO: [ app_init ] --START--
INFO: Run Behavior\BuildLiteBehavior [ RunTime:0.000000s ]
INFO: [ app_init ] --END-- [ RunTime:0.002500s ]
INFO: [ app_begin ] --START--
INFO: Run Behavior\ReadHtmlCacheBehavior [ RunTime:0.000000s ]
INFO: [ app_begin ] --END-- [ RunTime:0.000000s ]
SQL: SHOW COLUMNS FROM `nav_robot` [ RunTime:0.0775s ]
SQL: SELECT * FROM `nav_robot` LIMIT 0,1   [ RunTime:0.0755s ]
NOTIC: [2] fopen(robot/101.html): failed to open stream: No such file or directory F:\program\wamp\www\nav\Application\Home\Controller\RobotController.class.php 第 18 行.
NOTIC: [2] fwrite() expects parameter 1 to be resource, boolean given F:\program\wamp\www\nav\Application\Home\Controller\RobotController.class.php 第 19 行.
NOTIC: [2] fclose() expects parameter 1 to be resource, boolean given F:\program\wamp\www\nav\Application\Home\Controller\RobotController.class.php 第 20 行.
INFO: [ app_end ] --START--
INFO: Run Behavior\ShowPageTraceBehavior [ RunTime:0.002000s ]
INFO: [ app_end ] --END-- [ RunTime:0.003000s ]

[ 2016-05-20T10:39:50+08:00 ] 127.0.0.1 /nav/home/robot/index
INFO: [ app_init ] --START--
INFO: Run Behavior\BuildLiteBehavior [ RunTime:0.000000s ]
INFO: [ app_init ] --END-- [ RunTime:0.000000s ]
INFO: [ app_begin ] --START--
INFO: Run Behavior\ReadHtmlCacheBehavior [ RunTime:0.002500s ]
INFO: [ app_begin ] --END-- [ RunTime:0.002500s ]
SQL: SHOW COLUMNS FROM `nav_robot` [ RunTime:0.0750s ]
SQL: SELECT * FROM `nav_robot` LIMIT 0,1   [ RunTime:0.0725s ]
NOTIC: [2] fopen(robot/101.html): failed to open stream: No such file or directory F:\program\wamp\www\nav\Application\Home\Controller\RobotController.class.php 第 18 行.
NOTIC: [2] fwrite() expects parameter 1 to be resource, boolean given F:\program\wamp\www\nav\Application\Home\Controller\RobotController.class.php 第 19 行.
NOTIC: [2] fclose() expects parameter 1 to be resource, boolean given F:\program\wamp\www\nav\Application\Home\Controller\RobotController.class.php 第 20 行.
INFO: [ app_end ] --START--
INFO: Run Behavior\ShowPageTraceBehavior [ RunTime:0.002500s ]
INFO: [ app_end ] --END-- [ RunTime:0.002500s ]

[ 2016-05-20T10:40:11+08:00 ] 127.0.0.1 /nav/home/robot/index
INFO: [ app_init ] --START--
INFO: Run Behavior\BuildLiteBehavior [ RunTime:0.001000s ]
INFO: [ app_init ] --END-- [ RunTime:0.002000s ]
INFO: [ app_begin ] --START--
INFO: Run Behavior\ReadHtmlCacheBehavior [ RunTime:0.002001s ]
INFO: [ app_begin ] --END-- [ RunTime:0.002001s ]
SQL: SHOW COLUMNS FROM `nav_robot` [ RunTime:0.0975s ]
SQL: SELECT * FROM `nav_robot` LIMIT 0,1   [ RunTime:0.0975s ]
NOTIC: [2] fopen(robot/101.html): failed to open stream: No such file or directory F:\program\wamp\www\nav\Application\Home\Controller\RobotController.class.php 第 18 行.
NOTIC: [2] fwrite() expects parameter 1 to be resource, boolean given F:\program\wamp\www\nav\Application\Home\Controller\RobotController.class.php 第 19 行.
NOTIC: [2] fclose() expects parameter 1 to be resource, boolean given F:\program\wamp\www\nav\Application\Home\Controller\RobotController.class.php 第 20 行.
INFO: [ app_end ] --START--
INFO: Run Behavior\ShowPageTraceBehavior [ RunTime:0.000000s ]
INFO: [ app_end ] --END-- [ RunTime:0.002500s ]

[ 2016-05-20T10:42:41+08:00 ] 127.0.0.1 /nav/home/robot/index
INFO: [ app_init ] --START--
INFO: Run Behavior\BuildLiteBehavior [ RunTime:0.000000s ]
INFO: [ app_init ] --END-- [ RunTime:0.002500s ]
INFO: [ app_begin ] --START--
INFO: Run Behavior\ReadHtmlCacheBehavior [ RunTime:0.002500s ]
INFO: [ app_begin ] --END-- [ RunTime:0.002500s ]
SQL: SHOW COLUMNS FROM `nav_robot` [ RunTime:0.0850s ]
SQL: SELECT * FROM `nav_robot` LIMIT 0,1   [ RunTime:0.0850s ]
NOTIC: [2] fopen(/nav/Public/robot/101.html): failed to open stream: No such file or directory F:\program\wamp\www\nav\Application\Home\Controller\RobotController.class.php 第 18 行.

[ 2016-05-20T10:47:31+08:00 ] 127.0.0.1 /nav/home/robot/index
INFO: [ app_init ] --START--
INFO: Run Behavior\BuildLiteBehavior [ RunTime:0.002500s ]
INFO: [ app_init ] --END-- [ RunTime:0.002500s ]
INFO: [ app_begin ] --START--
INFO: Run Behavior\ReadHtmlCacheBehavior [ RunTime:0.002500s ]
INFO: [ app_begin ] --END-- [ RunTime:0.002500s ]
SQL: SHOW COLUMNS FROM `nav_robot` [ RunTime:0.1000s ]
SQL: SELECT * FROM `nav_robot` LIMIT 0,1   [ RunTime:0.0950s ]
NOTIC: [2] fopen(): Filename cannot be empty F:\program\wamp\www\nav\Application\Home\Controller\RobotController.class.php 第 18 行.

[ 2016-05-20T10:47:52+08:00 ] 127.0.0.1 /nav/home/robot/index
INFO: [ app_init ] --START--
INFO: Run Behavior\BuildLiteBehavior [ RunTime:0.000000s ]
INFO: [ app_init ] --END-- [ RunTime:0.002500s ]
INFO: [ app_begin ] --START--
INFO: Run Behavior\ReadHtmlCacheBehavior [ RunTime:0.002500s ]
INFO: [ app_begin ] --END-- [ RunTime:0.002500s ]
SQL: SHOW COLUMNS FROM `nav_robot` [ RunTime:0.0800s ]
SQL: SELECT * FROM `nav_robot` LIMIT 0,1   [ RunTime:0.0775s ]
NOTIC: [2] fopen(): Filename cannot be empty F:\program\wamp\www\nav\Application\Home\Controller\RobotController.class.php 第 18 行.

[ 2016-05-20T10:48:07+08:00 ] 127.0.0.1 /nav/home/robot/index
INFO: [ app_init ] --START--
INFO: Run Behavior\BuildLiteBehavior [ RunTime:0.000000s ]
INFO: [ app_init ] --END-- [ RunTime:0.002500s ]
INFO: [ app_begin ] --START--
INFO: Run Behavior\ReadHtmlCacheBehavior [ RunTime:0.002500s ]
INFO: [ app_begin ] --END-- [ RunTime:0.002500s ]
SQL: SHOW COLUMNS FROM `nav_robot` [ RunTime:0.0925s ]
SQL: SELECT * FROM `nav_robot` LIMIT 0,1   [ RunTime:0.0975s ]
NOTIC: [2] fopen(): Filename cannot be empty F:\program\wamp\www\nav\Application\Home\Controller\RobotController.class.php 第 18 行.

[ 2016-05-20T10:48:31+08:00 ] 127.0.0.1 /nav/home/robot/index
INFO: [ app_init ] --START--
INFO: Run Behavior\BuildLiteBehavior [ RunTime:0.000000s ]
INFO: [ app_init ] --END-- [ RunTime:0.002500s ]
INFO: [ app_begin ] --START--
INFO: Run Behavior\ReadHtmlCacheBehavior [ RunTime:0.002500s ]
INFO: [ app_begin ] --END-- [ RunTime:0.002500s ]
SQL: SHOW COLUMNS FROM `nav_robot` [ RunTime:0.0700s ]
SQL: SELECT * FROM `nav_robot` LIMIT 0,1   [ RunTime:0.0725s ]
NOTIC: [2] fopen(): Filename cannot be empty F:\program\wamp\www\nav\Application\Home\Controller\RobotController.class.php 第 18 行.

[ 2016-05-20T10:48:43+08:00 ] 127.0.0.1 /nav/home/robot/index
INFO: [ app_init ] --START--
INFO: Run Behavior\BuildLiteBehavior [ RunTime:0.000000s ]
INFO: [ app_init ] --END-- [ RunTime:0.002500s ]
INFO: [ app_begin ] --START--
INFO: Run Behavior\ReadHtmlCacheBehavior [ RunTime:0.002500s ]
INFO: [ app_begin ] --END-- [ RunTime:0.002500s ]
SQL: SHOW COLUMNS FROM `nav_robot` [ RunTime:0.0630s ]
SQL: SELECT * FROM `nav_robot` LIMIT 0,1   [ RunTime:0.0610s ]
NOTIC: [2] fopen(robot/101.html): failed to open stream: No such file or directory F:\program\wamp\www\nav\Application\Home\Controller\RobotController.class.php 第 18 行.

[ 2016-05-20T10:56:39+08:00 ] 127.0.0.1 /nav/home/robot/index
INFO: [ app_init ] --START--
INFO: Run Behavior\BuildLiteBehavior [ RunTime:0.000000s ]
INFO: [ app_init ] --END-- [ RunTime:0.002500s ]
INFO: [ app_begin ] --START--
INFO: Run Behavior\ReadHtmlCacheBehavior [ RunTime:0.000000s ]
INFO: [ app_begin ] --END-- [ RunTime:0.000000s ]
SQL: SHOW COLUMNS FROM `nav_robot` [ RunTime:0.0800s ]
SQL: SELECT * FROM `nav_robot` LIMIT 0,1   [ RunTime:0.0750s ]
INFO: [ app_end ] --START--
INFO: Run Behavior\ShowPageTraceBehavior [ RunTime:0.797512s ]
INFO: [ app_end ] --END-- [ RunTime:0.800012s ]

[ 2016-05-20T10:57:35+08:00 ] 127.0.0.1 /nav/home/robot/index
INFO: [ app_init ] --START--
INFO: Run Behavior\BuildLiteBehavior [ RunTime:0.000000s ]
INFO: [ app_init ] --END-- [ RunTime:0.000000s ]
INFO: [ app_begin ] --START--
INFO: Run Behavior\ReadHtmlCacheBehavior [ RunTime:0.002500s ]
INFO: [ app_begin ] --END-- [ RunTime:0.002500s ]
SQL: SHOW COLUMNS FROM `nav_robot` [ RunTime:0.0625s ]
SQL: SELECT * FROM `nav_robot` LIMIT 1,1   [ RunTime:0.0600s ]
INFO: [ app_end ] --START--
INFO: Run Behavior\ShowPageTraceBehavior [ RunTime:0.002500s ]
INFO: [ app_end ] --END-- [ RunTime:0.002500s ]

[ 2016-05-20T10:57:50+08:00 ] 127.0.0.1 /nav/home/robot/index
INFO: [ app_init ] --START--
INFO: Run Behavior\BuildLiteBehavior [ RunTime:0.000000s ]
INFO: [ app_init ] --END-- [ RunTime:0.002500s ]
INFO: [ app_begin ] --START--
INFO: Run Behavior\ReadHtmlCacheBehavior [ RunTime:0.002500s ]
INFO: [ app_begin ] --END-- [ RunTime:0.002500s ]
SQL: SHOW COLUMNS FROM `nav_robot` [ RunTime:0.0825s ]
SQL: SELECT * FROM `nav_robot` LIMIT 3,1   [ RunTime:0.0850s ]
INFO: [ app_end ] --START--
INFO: Run Behavior\ShowPageTraceBehavior [ RunTime:0.000000s ]
INFO: [ app_end ] --END-- [ RunTime:0.002500s ]

[ 2016-05-20T11:09:11+08:00 ] 127.0.0.1 /nav/home/robot/index
INFO: [ app_init ] --START--
INFO: Run Behavior\BuildLiteBehavior [ RunTime:0.000000s ]
INFO: [ app_init ] --END-- [ RunTime:0.002500s ]
INFO: [ app_begin ] --START--
INFO: Run Behavior\ReadHtmlCacheBehavior [ RunTime:0.002500s ]
INFO: [ app_begin ] --END-- [ RunTime:0.002500s ]
SQL: SHOW COLUMNS FROM `nav_robot` [ RunTime:0.0525s ]
SQL: SELECT * FROM `nav_robot`  [ RunTime:0.2150s ]
INFO: [ app_end ] --START--
INFO: Run Behavior\ShowPageTraceBehavior [ RunTime:0.002500s ]
INFO: [ app_end ] --END-- [ RunTime:0.005000s ]

