[ 2016-05-17T17:03:54+08:00 ] 127.0.0.1 /nav/Public/images/sort_asc.png
INFO: [ app_init ] --START--
INFO: Run Behavior\BuildLiteBehavior [ RunTime:0.000000s ]
INFO: [ app_init ] --END-- [ RunTime:0.002500s ]
ERR: 无法加载模块:Public

[ 2016-05-17T17:03:54+08:00 ] 127.0.0.1 /nav/Public/images/sort_both.png
INFO: [ app_init ] --START--
INFO: Run Behavior\BuildLiteBehavior [ RunTime:0.000000s ]
INFO: [ app_init ] --END-- [ RunTime:0.000000s ]
ERR: 无法加载模块:Public

[ 2016-05-17T17:04:59+08:00 ] 127.0.0.1 /nav/Public/images/sort_both.png
INFO: [ app_init ] --START--
INFO: Run Behavior\BuildLiteBehavior [ RunTime:0.000000s ]
INFO: [ app_init ] --END-- [ RunTime:0.002500s ]
ERR: 无法加载模块:Public

[ 2016-05-17T17:04:59+08:00 ] 127.0.0.1 /nav/Public/images/sort_asc.png
INFO: [ app_init ] --START--
INFO: Run Behavior\BuildLiteBehavior [ RunTime:0.000000s ]
INFO: [ app_init ] --END-- [ RunTime:0.000000s ]
ERR: 无法加载模块:Public

[ 2016-05-17T17:05:03+08:00 ] 127.0.0.1 /nav/Public/images/sort_both.png
INFO: [ app_init ] --START--
INFO: Run Behavior\BuildLiteBehavior [ RunTime:0.000000s ]
INFO: [ app_init ] --END-- [ RunTime:0.002500s ]
ERR: 无法加载模块:Public

[ 2016-05-17T17:05:03+08:00 ] 127.0.0.1 /nav/Public/images/sort_asc.png
INFO: [ app_init ] --START--
INFO: Run Behavior\BuildLiteBehavior [ RunTime:0.000000s ]
INFO: [ app_init ] --END-- [ RunTime:0.000000s ]
ERR: 无法加载模块:Public

[ 2016-05-17T17:05:49+08:00 ] 127.0.0.1 /nav/Public/images/sort_both.png
INFO: [ app_init ] --START--
INFO: Run Behavior\BuildLiteBehavior [ RunTime:0.000000s ]
INFO: [ app_init ] --END-- [ RunTime:0.002500s ]
ERR: 无法加载模块:Public

[ 2016-05-17T17:05:49+08:00 ] 127.0.0.1 /nav/Public/images/sort_asc.png
INFO: [ app_init ] --START--
INFO: Run Behavior\BuildLiteBehavior [ RunTime:0.000000s ]
INFO: [ app_init ] --END-- [ RunTime:0.000000s ]
ERR: 无法加载模块:Public

